N100 Financial Ratio Edge Case Log
============================================================

Negative ROE Companies: 73
ADANIENSOL Mar 2015 ROE=-0.65
ADANIGREEN Mar 2017 ROE=-3.91
ADANIGREEN Mar 2018 ROE=-10.29
ADANIGREEN Mar 2019 ROE=-24.57
ADANIGREEN Mar 2020 ROE=-2.89
ADANIPOWER Mar 2013 ROE=-53.45999999999999
ADANIPOWER Mar 2014 ROE=-4.45
ADANIPOWER Mar 2015 ROE=-14.25
ADANIPOWER Mar 2017 ROE=-205.8
ADANIPOWER Mar 2018 ROE=-236.56
ADANIPOWER Mar 2019 ROE=-12.76
ADANIPOWER Mar 2020 ROE=-35.09999999999999
BANKBARODA Mar 2016 ROE=-11.84
BANKBARODA Mar 2018 ROE=-3.94
BHARTIARTL Mar 2020 ROE=-39.75
BHARTIARTL Mar 2021 ROE=-20.97
BHEL Mar 2016 ROE=-2.18
BHEL Mar 2020 ROE=-5.12
BHEL Mar 2021 ROE=-10.39
CANBK Mar 2016 ROE=-7.82
CANBK Mar 2018 ROE=-10.5
CANBK Mar 2020 ROE=-4.66
DLF Mar 2020 ROE=-1.71
GODREJCP Mar 2024 ROE=-4.45
HINDALCO Mar 2016 ROE=-1.73
IOC Mar 2020 ROE=-1.97
JINDALSTEL Mar 2015 ROE=-6.9
JINDALSTEL Mar 2016 ROE=-9.520000000000001
JINDALSTEL Mar 2017 ROE=-8.450000000000001
JINDALSTEL Mar 2018 ROE=-5.319999999999999
JINDALSTEL Mar 2019 ROE=-7.52
JINDALSTEL Mar 2020 ROE=-1.24
JSWSTEEL Mar 2016 ROE=-2.54
M&M Mar 2020 ROE=-0.8
NAUKRI Mar 2015 ROE=-0.9900000000000001
NAUKRI Mar 2017 ROE=-2.7
NAUKRI Mar 2020 ROE=-11.21
NAUKRI Mar 2023 ROE=-0.52
PNB Mar 2016 ROE=-163.56
PNB Mar 2016 ROE=-163.56
PNB Mar 2016 ROE=-163.56
PNB Mar 2016 ROE=-163.56
PNB Mar 2016 ROE=-163.56
PNB Mar 2018 ROE=-184.37
PNB Mar 2018 ROE=-184.37
PNB Mar 2018 ROE=-184.37
PNB Mar 2018 ROE=-184.37
PNB Mar 2018 ROE=-184.37
PNB Mar 2019 ROE=-128.45
PNB Mar 2019 ROE=-128.45
PNB Mar 2019 ROE=-128.45
PNB Mar 2019 ROE=-128.45
PNB Mar 2019 ROE=-128.45
TATACONSUM Mar 2016 ROE=-0.59
TATAMOTORS Mar 2019 ROE=-47.73
TATAMOTORS Mar 2020 ROE=-18.98
TATAMOTORS Mar 2021 ROE=-24.25
TATAMOTORS Mar 2022 ROE=-25.38
TATASTEEL Mar 2013 ROE=-21.28
TATASTEEL Mar 2015 ROE=-12.56
TATASTEEL Mar 2016 ROE=-1.14
TATASTEEL Mar 2017 ROE=-11.02
TATASTEEL Mar 2024 ROE=-5.33
TRENT Mar 2013 ROE=-2.19
TRENT Mar 2014 ROE=-1.92
TRENT Mar 2021 ROE=-7.829999999999999
UNIONBANK Mar 2018 ROE=-20.64
UNIONBANK Mar 2019 ROE=-10.89
UNIONBANK Mar 2020 ROE=-9.180000000000001
INDIGO Mar 2020 ROE=-138.55
INDIGO Mar 2021 ROE=-1094.15
INDIGO Mar 2022 ROE=-48.77
INDIGO Mar 2023 ROE=-40.8

Debt Free Records: 87
ABB Dec 2012
ABB Mar 2014
ABB Mar 2014
ABB Mar 2015
ABB Mar 2015
ABB Mar 2016
ABB Mar 2016
ABB Mar 2017
ABB Mar 2017
ABB Mar 2018
ABB Mar 2018
ABB Mar 2019
ABB Mar 2019
ADANIENSOL Mar 2014
BAJAJHLDNG Mar 2013
BAJAJHLDNG Mar 2014
BAJAJHLDNG Mar 2015
BAJAJHLDNG Mar 2016
BAJAJHLDNG Mar 2017
BAJAJHLDNG Mar 2018
BAJAJHLDNG Mar 2019
BOSCHLTD Mar 2017
BOSCHLTD Mar 2018
BOSCHLTD Mar 2019
HDFCLIFE Mar 2013
HDFCLIFE Mar 2014
HDFCLIFE Mar 2015
HDFCLIFE Mar 2016
HDFCLIFE Mar 2017
HDFCLIFE Mar 2018
HDFCLIFE Mar 2019
HDFCLIFE Mar 2020
HINDUNILVR Mar 2018
HINDUNILVR Mar 2020
HINDUNILVR Mar 2021
ICICIGI Mar 2013
ICICIGI Mar 2014
ICICIGI Mar 2015
ICICIGI Mar 2016
ICICIPRULI Mar 2013
ICICIPRULI Mar 2014
ICICIPRULI Mar 2015
ICICIPRULI Mar 2017
ICICIPRULI Mar 2018
ICICIPRULI Mar 2019
ICICIPRULI Mar 2020
INFY Mar 2013
INFY Mar 2014
INFY Mar 2015
INFY Mar 2016
INFY Mar 2017
INFY Mar 2018
INFY Mar 2019
IRCTC Mar 2015
IRCTC Mar 2016
IRCTC Mar 2017
IRCTC Mar 2018
IRCTC Mar 2019
IRCTC Mar 2020
JIOFIN Mar 2024
LICI Mar 2023
LICI Mar 2024
LT Mar 2017
LT Mar 2018
LT Mar 2019
LTIM Mar 2017
LTIM Mar 2018
LTIM Mar 2019
SBILIFE Mar 2013
SBILIFE Mar 2014
SBILIFE Mar 2015
SBILIFE Mar 2016
SBILIFE Mar 2017
SBILIFE Mar 2018
SBILIFE Mar 2019
SBILIFE Mar 2020
SBILIFE Mar 2021
SBILIFE Mar 2022
SBILIFE Mar 2023
SBILIFE Mar 2024
SIEMENS Sep 2011
SIEMENS Sep 2014
SIEMENS Sep 2017
SIEMENS Sep 2018
SIEMENS Sep 2019
SIEMENS Sep 2020
TITAN Mar 2013

Missing Interest Coverage: 93


ROE Anomalies: 0
